Vivado Simulator 2019.1
Copyright 1986-1999, 2001-2019 Xilinx, Inc. All Rights Reserved.
Running: /home/nsh1/Xilinx/Vivado/Vivado/2019.1/bin/unwrapped/lnx64.o/xelab -wto f655f0f51fd0487d976c8000bd32e821 --incr --debug typical --relax --mt 8 -L xil_defaultlib -L unisims_ver -L unimacro_ver -L secureip --snapshot tb_main_behav xil_defaultlib.tb_main xil_defaultlib.glbl -log elaborate.log 
Using 8 slave threads.
Starting static elaboration
Completed static elaboration
Starting simulation data flow analysis
Completed simulation data flow analysis
Time Resolution for simulation is 1ps
Compiling module xil_defaultlib.programcounter
Compiling module xil_defaultlib.romAddedInst
Compiling module xil_defaultlib.mux2s
Compiling module xil_defaultlib.Decoder
Compiling module xil_defaultlib.RDff
Compiling module xil_defaultlib.register_default
Compiling module xil_defaultlib.memory_default
Compiling module xil_defaultlib.ALU
Compiling module xil_defaultlib.mainAddedInst
Compiling module xil_defaultlib.tb_main
Compiling module xil_defaultlib.glbl
Built simulation snapshot tb_main_behav
