Vivado Simulator 2019.1
Copyright 1986-1999, 2001-2019 Xilinx, Inc. All Rights Reserved.
Running: /home/nsh1/Xilinx/Vivado/Vivado/2019.1/bin/unwrapped/lnx64.o/xelab -wto 25c213c3dea346ac9819cc4fe902e4a4 --incr --debug typical --relax --mt 8 -L xil_defaultlib -L unisims_ver -L unimacro_ver -L secureip --snapshot tb_k2_behav xil_defaultlib.tb_k2 xil_defaultlib.glbl -log elaborate.log 
Using 8 slave threads.
Starting static elaboration
Completed static elaboration
Starting simulation data flow analysis
Completed simulation data flow analysis
Time Resolution for simulation is 1ps
Compiling module xil_defaultlib.romAddedInst
Compiling module xil_defaultlib.programcounter(immS=5)
Compiling module xil_defaultlib.mux2s(n=10)
Compiling module xil_defaultlib.Decoder
Compiling module xil_defaultlib.RDff
Compiling module xil_defaultlib.register(n=10)
Compiling module xil_defaultlib.ALU(n=10)
Compiling module xil_defaultlib.k2_processor(n=10,immS=5)
Compiling module xil_defaultlib.memory(n=10,immS=5)
Compiling module xil_defaultlib.top
Compiling module xil_defaultlib.tb_k2
Compiling module xil_defaultlib.glbl
Built simulation snapshot tb_k2_behav
