
*** Running vivado
    with args -log sev_seg_top.vds -m64 -product Vivado -mode batch -messageDb vivado.pb -notrace -source sev_seg_top.tcl


****** Vivado v2019.1 (64-bit)
  **** SW Build 2552052 on Fri May 24 14:47:09 MDT 2019
  **** IP Build 2548770 on Fri May 24 18:01:18 MDT 2019
    ** Copyright 1986-2019 Xilinx, Inc. All Rights Reserved.

source sev_seg_top.tcl -notrace
Command: synth_design -top sev_seg_top -part xc7a100tcsg324-1
Starting synth_design
Attempting to get a license for feature 'Synthesis' and/or device 'xc7a100t'
INFO: [Common 17-349] Got license for feature 'Synthesis' and/or device 'xc7a100t'
INFO: [Device 21-403] Loading part xc7a100tcsg324-1
INFO: Launching helper process for spawning children vivado processes
INFO: Helper process launched with PID 102733 
---------------------------------------------------------------------------------
Starting RTL Elaboration : Time (s): cpu = 00:00:01 ; elapsed = 00:00:02 . Memory (MB): peak = 1777.707 ; gain = 155.719 ; free physical = 19510 ; free virtual = 31772
---------------------------------------------------------------------------------
INFO: [Synth 8-6157] synthesizing module 'sev_seg_top' [/home/nsh1/NSHcx203/Lab3/task2/task2.srcs/sources_1/imports/src/sev_seg.sv:1]
INFO: [Synth 8-6157] synthesizing module 'alu' [/home/nsh1/NSHcx203/Lab3/task2/task2.srcs/sources_1/new/alu.sv:4]
INFO: [Synth 8-6157] synthesizing module 'fourbitadder' [/home/nsh1/NSHcx203/Lab3/task2/task2.srcs/sources_1/imports/NSHcx203/Lab2/task4/task4.srcs/sources_1/new/fourbitadder.sv:23]
INFO: [Synth 8-6157] synthesizing module 'fulladder' [/home/nsh1/NSHcx203/Lab3/task2/task2.srcs/sources_1/imports/NSHcx203/lab1_task1/Lab1_task1.srcs/sources_1/new/fulladder.sv:23]
INFO: [Synth 8-6157] synthesizing module 'halfadder' [/home/nsh1/NSHcx203/Lab3/task2/task2.srcs/sources_1/imports/NSHcx203/lab1_task1/Lab1_task1.srcs/sources_1/new/halfadder.sv:24]
INFO: [Synth 8-6155] done synthesizing module 'halfadder' (1#1) [/home/nsh1/NSHcx203/Lab3/task2/task2.srcs/sources_1/imports/NSHcx203/lab1_task1/Lab1_task1.srcs/sources_1/new/halfadder.sv:24]
INFO: [Synth 8-6155] done synthesizing module 'fulladder' (2#1) [/home/nsh1/NSHcx203/Lab3/task2/task2.srcs/sources_1/imports/NSHcx203/lab1_task1/Lab1_task1.srcs/sources_1/new/fulladder.sv:23]
INFO: [Synth 8-6155] done synthesizing module 'fourbitadder' (3#1) [/home/nsh1/NSHcx203/Lab3/task2/task2.srcs/sources_1/imports/NSHcx203/Lab2/task4/task4.srcs/sources_1/new/fourbitadder.sv:23]
INFO: [Synth 8-6157] synthesizing module 'mux2to1' [/home/nsh1/NSHcx203/Lab3/task2/task2.srcs/sources_1/new/mux2to1.sv:23]
INFO: [Synth 8-6155] done synthesizing module 'mux2to1' (4#1) [/home/nsh1/NSHcx203/Lab3/task2/task2.srcs/sources_1/new/mux2to1.sv:23]
INFO: [Synth 8-6155] done synthesizing module 'alu' (5#1) [/home/nsh1/NSHcx203/Lab3/task2/task2.srcs/sources_1/new/alu.sv:4]
INFO: [Synth 8-6157] synthesizing module 'sev_seg_controller' [/home/nsh1/NSHcx203/Lab3/task2/task2.srcs/sources_1/imports/src/sev_seg_controller.sv:2]
	Parameter display_speed bound to: 20 - type: integer 
INFO: [Synth 8-6157] synthesizing module 'seven_seg_decoder' [/home/nsh1/NSHcx203/Lab3/task2/task2.srcs/sources_1/imports/src/sev_seg_decoder.sv:1]
INFO: [Synth 8-6155] done synthesizing module 'seven_seg_decoder' (6#1) [/home/nsh1/NSHcx203/Lab3/task2/task2.srcs/sources_1/imports/src/sev_seg_decoder.sv:1]
INFO: [Synth 8-6157] synthesizing module 'decoder' [/home/nsh1/NSHcx203/Lab3/task2/task2.srcs/sources_1/imports/src/decoder.sv:1]
	Parameter n bound to: 3 - type: integer 
INFO: [Synth 8-6155] done synthesizing module 'decoder' (7#1) [/home/nsh1/NSHcx203/Lab3/task2/task2.srcs/sources_1/imports/src/decoder.sv:1]
INFO: [Synth 8-6157] synthesizing module 'counter_n_bit' [/home/nsh1/NSHcx203/Lab3/task2/task2.srcs/sources_1/imports/src/counter_n_bit.sv:1]
	Parameter n bound to: 20 - type: integer 
INFO: [Synth 8-6155] done synthesizing module 'counter_n_bit' (8#1) [/home/nsh1/NSHcx203/Lab3/task2/task2.srcs/sources_1/imports/src/counter_n_bit.sv:1]
INFO: [Synth 8-6155] done synthesizing module 'sev_seg_controller' (9#1) [/home/nsh1/NSHcx203/Lab3/task2/task2.srcs/sources_1/imports/src/sev_seg_controller.sv:2]
INFO: [Synth 8-6155] done synthesizing module 'sev_seg_top' (10#1) [/home/nsh1/NSHcx203/Lab3/task2/task2.srcs/sources_1/imports/src/sev_seg.sv:1]
WARNING: [Synth 8-3917] design sev_seg_top has port DP driven by constant 1
WARNING: [Synth 8-3331] design sev_seg_top has unconnected port SW[15]
WARNING: [Synth 8-3331] design sev_seg_top has unconnected port SW[14]
WARNING: [Synth 8-3331] design sev_seg_top has unconnected port SW[13]
WARNING: [Synth 8-3331] design sev_seg_top has unconnected port SW[12]
WARNING: [Synth 8-3331] design sev_seg_top has unconnected port SW[11]
WARNING: [Synth 8-3331] design sev_seg_top has unconnected port SW[10]
---------------------------------------------------------------------------------
Finished RTL Elaboration : Time (s): cpu = 00:00:02 ; elapsed = 00:00:02 . Memory (MB): peak = 1832.457 ; gain = 210.469 ; free physical = 19458 ; free virtual = 31720
---------------------------------------------------------------------------------

Report Check Netlist: 
+------+------------------+-------+---------+-------+------------------+
|      |Item              |Errors |Warnings |Status |Description       |
+------+------------------+-------+---------+-------+------------------+
|1     |multi_driven_nets |      0|        0|Passed |Multi driven nets |
+------+------------------+-------+---------+-------+------------------+
---------------------------------------------------------------------------------
Start Handling Custom Attributes
---------------------------------------------------------------------------------
---------------------------------------------------------------------------------
Finished Handling Custom Attributes : Time (s): cpu = 00:00:02 ; elapsed = 00:00:02 . Memory (MB): peak = 1838.395 ; gain = 216.406 ; free physical = 19458 ; free virtual = 31720
---------------------------------------------------------------------------------
---------------------------------------------------------------------------------
Finished RTL Optimization Phase 1 : Time (s): cpu = 00:00:02 ; elapsed = 00:00:02 . Memory (MB): peak = 1838.395 ; gain = 216.406 ; free physical = 19458 ; free virtual = 31720
---------------------------------------------------------------------------------
INFO: [Project 1-570] Preparing netlist for logic optimization

Processing XDC Constraints
Initializing timing engine
Parsing XDC File [/home/nsh1/NSHcx203/Lab3/task2/task2.srcs/constrs_1/imports/src/pin-assignment.xdc]
Finished Parsing XDC File [/home/nsh1/NSHcx203/Lab3/task2/task2.srcs/constrs_1/imports/src/pin-assignment.xdc]
INFO: [Project 1-236] Implementation specific constraints were found while reading constraint file [/home/nsh1/NSHcx203/Lab3/task2/task2.srcs/constrs_1/imports/src/pin-assignment.xdc]. These constraints will be ignored for synthesis but will be used in implementation. Impacted constraints are listed in the file [.Xil/sev_seg_top_propImpl.xdc].
Resolution: To avoid this warning, move constraints listed in [.Xil/sev_seg_top_propImpl.xdc] to another XDC file and exclude this new file from synthesis with the used_in_synthesis property (File Properties dialog in GUI) and re-run elaboration/synthesis.
Completed Processing XDC Constraints

Netlist sorting complete. Time (s): cpu = 00:00:00 ; elapsed = 00:00:00 . Memory (MB): peak = 2005.082 ; gain = 0.000 ; free physical = 19466 ; free virtual = 31727
INFO: [Project 1-111] Unisim Transformation Summary:
No Unisim elements were transformed.

Constraint Validation Runtime : Time (s): cpu = 00:00:00 ; elapsed = 00:00:00.01 . Memory (MB): peak = 2005.082 ; gain = 0.000 ; free physical = 19466 ; free virtual = 31727
---------------------------------------------------------------------------------
Finished Constraint Validation : Time (s): cpu = 00:00:04 ; elapsed = 00:00:05 . Memory (MB): peak = 2005.082 ; gain = 383.094 ; free physical = 19481 ; free virtual = 31744
---------------------------------------------------------------------------------
---------------------------------------------------------------------------------
Start Loading Part and Timing Information
---------------------------------------------------------------------------------
Loading part: xc7a100tcsg324-1
---------------------------------------------------------------------------------
Finished Loading Part and Timing Information : Time (s): cpu = 00:00:04 ; elapsed = 00:00:05 . Memory (MB): peak = 2005.082 ; gain = 383.094 ; free physical = 19481 ; free virtual = 31744
---------------------------------------------------------------------------------
---------------------------------------------------------------------------------
Start Applying 'set_property' XDC Constraints
---------------------------------------------------------------------------------
---------------------------------------------------------------------------------
Finished applying 'set_property' XDC Constraints : Time (s): cpu = 00:00:04 ; elapsed = 00:00:05 . Memory (MB): peak = 2005.082 ; gain = 383.094 ; free physical = 19481 ; free virtual = 31744
---------------------------------------------------------------------------------
---------------------------------------------------------------------------------
Finished RTL Optimization Phase 2 : Time (s): cpu = 00:00:04 ; elapsed = 00:00:05 . Memory (MB): peak = 2005.082 ; gain = 383.094 ; free physical = 19481 ; free virtual = 31746
---------------------------------------------------------------------------------

Report RTL Partitions: 
+-+--------------+------------+----------+
| |RTL Partition |Replication |Instances |
+-+--------------+------------+----------+
+-+--------------+------------+----------+
---------------------------------------------------------------------------------
Start RTL Component Statistics 
---------------------------------------------------------------------------------
Detailed RTL Component Info : 
+---XORs : 
	   2 Input      1 Bit         XORs := 12    
+---Muxes : 
	   2 Input      4 Bit        Muxes := 2     
	   2 Input      1 Bit        Muxes := 1     
---------------------------------------------------------------------------------
Finished RTL Component Statistics 
---------------------------------------------------------------------------------
---------------------------------------------------------------------------------
Start RTL Hierarchical Component Statistics 
---------------------------------------------------------------------------------
Hierarchical RTL Component report 
Module halfadder 
Detailed RTL Component Info : 
+---XORs : 
	   2 Input      1 Bit         XORs := 1     
Module fourbitadder 
Detailed RTL Component Info : 
+---XORs : 
	   2 Input      1 Bit         XORs := 4     
Module mux2to1 
Detailed RTL Component Info : 
+---Muxes : 
	   2 Input      4 Bit        Muxes := 1     
Module counter_n_bit 
Detailed RTL Component Info : 
+---Muxes : 
	   2 Input      1 Bit        Muxes := 1     
---------------------------------------------------------------------------------
Finished RTL Hierarchical Component Statistics
---------------------------------------------------------------------------------
---------------------------------------------------------------------------------
Start Part Resource Summary
---------------------------------------------------------------------------------
Part Resources:
DSPs: 240 (col length:80)
BRAMs: 270 (col length: RAMB18 80 RAMB36 40)
---------------------------------------------------------------------------------
Finished Part Resource Summary
---------------------------------------------------------------------------------
---------------------------------------------------------------------------------
Start Cross Boundary and Area Optimization
---------------------------------------------------------------------------------
Warning: Parallel synthesis criteria is not met 
WARNING: [Synth 8-3917] design sev_seg_top has port DP driven by constant 1
WARNING: [Synth 8-3331] design sev_seg_top has unconnected port SW[15]
WARNING: [Synth 8-3331] design sev_seg_top has unconnected port SW[14]
WARNING: [Synth 8-3331] design sev_seg_top has unconnected port SW[13]
WARNING: [Synth 8-3331] design sev_seg_top has unconnected port SW[12]
WARNING: [Synth 8-3331] design sev_seg_top has unconnected port SW[11]
WARNING: [Synth 8-3331] design sev_seg_top has unconnected port SW[10]
---------------------------------------------------------------------------------
Finished Cross Boundary and Area Optimization : Time (s): cpu = 00:00:05 ; elapsed = 00:00:06 . Memory (MB): peak = 2005.082 ; gain = 383.094 ; free physical = 19478 ; free virtual = 31744
---------------------------------------------------------------------------------

Report RTL Partitions: 
+-+--------------+------------+----------+
| |RTL Partition |Replication |Instances |
+-+--------------+------------+----------+
+-+--------------+------------+----------+
---------------------------------------------------------------------------------
Start Applying XDC Timing Constraints
---------------------------------------------------------------------------------
---------------------------------------------------------------------------------
Finished Applying XDC Timing Constraints : Time (s): cpu = 00:00:07 ; elapsed = 00:00:08 . Memory (MB): peak = 2005.082 ; gain = 383.094 ; free physical = 19419 ; free virtual = 31673
---------------------------------------------------------------------------------
---------------------------------------------------------------------------------
Start Timing Optimization
---------------------------------------------------------------------------------
---------------------------------------------------------------------------------
Finished Timing Optimization : Time (s): cpu = 00:00:07 ; elapsed = 00:00:08 . Memory (MB): peak = 2005.082 ; gain = 383.094 ; free physical = 19411 ; free virtual = 31665
---------------------------------------------------------------------------------

Report RTL Partitions: 
+-+--------------+------------+----------+
| |RTL Partition |Replication |Instances |
+-+--------------+------------+----------+
+-+--------------+------------+----------+
---------------------------------------------------------------------------------
Start Technology Mapping
---------------------------------------------------------------------------------
---------------------------------------------------------------------------------
Finished Technology Mapping : Time (s): cpu = 00:00:07 ; elapsed = 00:00:08 . Memory (MB): peak = 2005.082 ; gain = 383.094 ; free physical = 19411 ; free virtual = 31665
---------------------------------------------------------------------------------

Report RTL Partitions: 
+-+--------------+------------+----------+
| |RTL Partition |Replication |Instances |
+-+--------------+------------+----------+
+-+--------------+------------+----------+
---------------------------------------------------------------------------------
Start IO Insertion
---------------------------------------------------------------------------------
---------------------------------------------------------------------------------
Start Flattening Before IO Insertion
---------------------------------------------------------------------------------
---------------------------------------------------------------------------------
Finished Flattening Before IO Insertion
---------------------------------------------------------------------------------
---------------------------------------------------------------------------------
Start Final Netlist Cleanup
---------------------------------------------------------------------------------
---------------------------------------------------------------------------------
Finished Final Netlist Cleanup
---------------------------------------------------------------------------------
---------------------------------------------------------------------------------
Finished IO Insertion : Time (s): cpu = 00:00:08 ; elapsed = 00:00:09 . Memory (MB): peak = 2005.082 ; gain = 383.094 ; free physical = 19412 ; free virtual = 31666
---------------------------------------------------------------------------------

Report Check Netlist: 
+------+------------------+-------+---------+-------+------------------+
|      |Item              |Errors |Warnings |Status |Description       |
+------+------------------+-------+---------+-------+------------------+
|1     |multi_driven_nets |      0|        0|Passed |Multi driven nets |
+------+------------------+-------+---------+-------+------------------+
---------------------------------------------------------------------------------
Start Renaming Generated Instances
---------------------------------------------------------------------------------
---------------------------------------------------------------------------------
Finished Renaming Generated Instances : Time (s): cpu = 00:00:08 ; elapsed = 00:00:09 . Memory (MB): peak = 2005.082 ; gain = 383.094 ; free physical = 19412 ; free virtual = 31666
---------------------------------------------------------------------------------

Report RTL Partitions: 
+-+--------------+------------+----------+
| |RTL Partition |Replication |Instances |
+-+--------------+------------+----------+
+-+--------------+------------+----------+
---------------------------------------------------------------------------------
Start Rebuilding User Hierarchy
---------------------------------------------------------------------------------
---------------------------------------------------------------------------------
Finished Rebuilding User Hierarchy : Time (s): cpu = 00:00:08 ; elapsed = 00:00:09 . Memory (MB): peak = 2005.082 ; gain = 383.094 ; free physical = 19412 ; free virtual = 31666
---------------------------------------------------------------------------------
---------------------------------------------------------------------------------
Start Renaming Generated Ports
---------------------------------------------------------------------------------
---------------------------------------------------------------------------------
Finished Renaming Generated Ports : Time (s): cpu = 00:00:08 ; elapsed = 00:00:09 . Memory (MB): peak = 2005.082 ; gain = 383.094 ; free physical = 19412 ; free virtual = 31666
---------------------------------------------------------------------------------
---------------------------------------------------------------------------------
Start Handling Custom Attributes
---------------------------------------------------------------------------------
---------------------------------------------------------------------------------
Finished Handling Custom Attributes : Time (s): cpu = 00:00:08 ; elapsed = 00:00:09 . Memory (MB): peak = 2005.082 ; gain = 383.094 ; free physical = 19412 ; free virtual = 31666
---------------------------------------------------------------------------------
---------------------------------------------------------------------------------
Start Renaming Generated Nets
---------------------------------------------------------------------------------
---------------------------------------------------------------------------------
Finished Renaming Generated Nets : Time (s): cpu = 00:00:08 ; elapsed = 00:00:09 . Memory (MB): peak = 2005.082 ; gain = 383.094 ; free physical = 19412 ; free virtual = 31666
---------------------------------------------------------------------------------
---------------------------------------------------------------------------------
Start Writing Synthesis Report
---------------------------------------------------------------------------------

Report BlackBoxes: 
+-+--------------+----------+
| |BlackBox name |Instances |
+-+--------------+----------+
+-+--------------+----------+

Report Cell Usage: 
+------+-------+------+
|      |Cell   |Count |
+------+-------+------+
|1     |BUFG   |     1|
|2     |CARRY4 |     5|
|3     |LUT1   |     2|
|4     |LUT2   |     1|
|5     |LUT3   |    13|
|6     |LUT4   |     1|
|7     |LUT5   |     5|
|8     |LUT6   |    16|
|9     |FDRE   |    20|
|10    |IBUF   |    12|
|11    |OBUF   |    16|
+------+-------+------+

Report Instance Areas: 
+------+------------+-------------------+------+
|      |Instance    |Module             |Cells |
+------+------------+-------------------+------+
|1     |top         |                   |    92|
|2     |  ssc       |sev_seg_controller |    52|
|3     |    counter |counter_n_bit      |    52|
+------+------------+-------------------+------+
---------------------------------------------------------------------------------
Finished Writing Synthesis Report : Time (s): cpu = 00:00:08 ; elapsed = 00:00:09 . Memory (MB): peak = 2005.082 ; gain = 383.094 ; free physical = 19412 ; free virtual = 31666
---------------------------------------------------------------------------------
Synthesis finished with 0 errors, 0 critical warnings and 7 warnings.
Synthesis Optimization Runtime : Time (s): cpu = 00:00:07 ; elapsed = 00:00:08 . Memory (MB): peak = 2005.082 ; gain = 216.406 ; free physical = 19412 ; free virtual = 31666
Synthesis Optimization Complete : Time (s): cpu = 00:00:08 ; elapsed = 00:00:09 . Memory (MB): peak = 2005.082 ; gain = 383.094 ; free physical = 19412 ; free virtual = 31666
INFO: [Project 1-571] Translating synthesized netlist
INFO: [Netlist 29-17] Analyzing 5 Unisim elements for replacement
INFO: [Netlist 29-28] Unisim Transformation completed in 0 CPU seconds
INFO: [Project 1-570] Preparing netlist for logic optimization
INFO: [Opt 31-138] Pushed 0 inverter(s) to 0 load pin(s).
Netlist sorting complete. Time (s): cpu = 00:00:00 ; elapsed = 00:00:00 . Memory (MB): peak = 2005.082 ; gain = 0.000 ; free physical = 19424 ; free virtual = 31678
INFO: [Project 1-111] Unisim Transformation Summary:
No Unisim elements were transformed.

INFO: [Common 17-83] Releasing license: Synthesis
32 Infos, 14 Warnings, 0 Critical Warnings and 0 Errors encountered.
synth_design completed successfully
synth_design: Time (s): cpu = 00:00:10 ; elapsed = 00:00:11 . Memory (MB): peak = 2005.082 ; gain = 622.008 ; free physical = 19459 ; free virtual = 31713
Netlist sorting complete. Time (s): cpu = 00:00:00 ; elapsed = 00:00:00 . Memory (MB): peak = 2005.082 ; gain = 0.000 ; free physical = 19459 ; free virtual = 31713
WARNING: [Constraints 18-5210] No constraints selected for write.
Resolution: This message can indicate that there are no constraints for the design, or it can indicate that the used_in flags are set such that the constraints are ignored. This later case is used when running synth_design to not write synthesis constraints to the resulting checkpoint. Instead, project constraints are read when the synthesized design is opened.
INFO: [Common 17-1381] The checkpoint '/home/nsh1/NSHcx203/Lab3/task2/task2.runs/synth_1/sev_seg_top.dcp' has been generated.
INFO: [runtcl-4] Executing : report_utilization -file sev_seg_top_utilization_synth.rpt -pb sev_seg_top_utilization_synth.pb
INFO: [Common 17-206] Exiting Vivado at Thu Nov 14 13:28:07 2024...
