
*** Running vivado
    with args -log mbitctrFPGA.vds -m64 -product Vivado -mode batch -messageDb vivado.pb -notrace -source mbitctrFPGA.tcl


****** Vivado v2019.1 (64-bit)
  **** SW Build 2552052 on Fri May 24 14:47:09 MDT 2019
  **** IP Build 2548770 on Fri May 24 18:01:18 MDT 2019
    ** Copyright 1986-2019 Xilinx, Inc. All Rights Reserved.

source mbitctrFPGA.tcl -notrace
Command: synth_design -top mbitctrFPGA -part xc7a100tcsg324-1
Starting synth_design
Attempting to get a license for feature 'Synthesis' and/or device 'xc7a100t'
INFO: [Common 17-349] Got license for feature 'Synthesis' and/or device 'xc7a100t'
INFO: [Device 21-403] Loading part xc7a100tcsg324-1
INFO: Launching helper process for spawning children vivado processes
INFO: Helper process launched with PID 68972 
---------------------------------------------------------------------------------
Starting RTL Elaboration : Time (s): cpu = 00:00:01 ; elapsed = 00:00:02 . Memory (MB): peak = 1777.703 ; gain = 155.719 ; free physical = 22094 ; free virtual = 35264
---------------------------------------------------------------------------------
INFO: [Synth 8-6157] synthesizing module 'mbitctrFPGA' [/home/nsh1/NSHcx203/Lab5/task2/task2.srcs/sources_1/new/nbitctrFPGA.sv:23]
INFO: [Synth 8-6157] synthesizing module 'nbitctr' [/home/nsh1/NSHcx203/Lab5/task2/task2.srcs/sources_1/new/nbitctr.sv:23]
	Parameter N bound to: 64'sb0000000000000000000000000000000000000101111101011110000100000000 
INFO: [Synth 8-6155] done synthesizing module 'nbitctr' (1#1) [/home/nsh1/NSHcx203/Lab5/task2/task2.srcs/sources_1/new/nbitctr.sv:23]
WARNING: [Synth 8-7023] instance 'nBC' of module 'nbitctr' has 4 connections declared, but only 3 given [/home/nsh1/NSHcx203/Lab5/task2/task2.srcs/sources_1/new/nbitctrFPGA.sv:43]
INFO: [Synth 8-6157] synthesizing module 'counter' [/home/nsh1/NSHcx203/Lab5/task2/task2.srcs/sources_1/new/counter.sv:23]
INFO: [Synth 8-6155] done synthesizing module 'counter' (2#1) [/home/nsh1/NSHcx203/Lab5/task2/task2.srcs/sources_1/new/counter.sv:23]
INFO: [Synth 8-6157] synthesizing module 'sev_seg_controller' [/home/nsh1/NSHcx203/Lab5/task2/task2.srcs/sources_1/imports/src/sev_seg_controller.sv:2]
	Parameter display_speed bound to: 20 - type: integer 
INFO: [Synth 8-6157] synthesizing module 'seven_seg_decoder' [/home/nsh1/NSHcx203/Lab5/task2/task2.srcs/sources_1/imports/src/sev_seg_decoder.sv:1]
INFO: [Synth 8-6155] done synthesizing module 'seven_seg_decoder' (3#1) [/home/nsh1/NSHcx203/Lab5/task2/task2.srcs/sources_1/imports/src/sev_seg_decoder.sv:1]
INFO: [Synth 8-6157] synthesizing module 'decoder' [/home/nsh1/NSHcx203/Lab5/task2/task2.srcs/sources_1/imports/src/decoder.sv:1]
	Parameter n bound to: 3 - type: integer 
INFO: [Synth 8-6155] done synthesizing module 'decoder' (4#1) [/home/nsh1/NSHcx203/Lab5/task2/task2.srcs/sources_1/imports/src/decoder.sv:1]
INFO: [Synth 8-6157] synthesizing module 'counter_n_bit' [/home/nsh1/NSHcx203/Lab5/task2/task2.srcs/sources_1/imports/src/counter_n_bit.sv:1]
	Parameter n bound to: 20 - type: integer 
INFO: [Synth 8-6155] done synthesizing module 'counter_n_bit' (5#1) [/home/nsh1/NSHcx203/Lab5/task2/task2.srcs/sources_1/imports/src/counter_n_bit.sv:1]
INFO: [Synth 8-6155] done synthesizing module 'sev_seg_controller' (6#1) [/home/nsh1/NSHcx203/Lab5/task2/task2.srcs/sources_1/imports/src/sev_seg_controller.sv:2]
INFO: [Synth 8-6155] done synthesizing module 'mbitctrFPGA' (7#1) [/home/nsh1/NSHcx203/Lab5/task2/task2.srcs/sources_1/new/nbitctrFPGA.sv:23]
WARNING: [Synth 8-3917] design mbitctrFPGA has port DP driven by constant 1
WARNING: [Synth 8-3331] design mbitctrFPGA has unconnected port SW[15]
WARNING: [Synth 8-3331] design mbitctrFPGA has unconnected port SW[14]
WARNING: [Synth 8-3331] design mbitctrFPGA has unconnected port SW[13]
WARNING: [Synth 8-3331] design mbitctrFPGA has unconnected port SW[12]
WARNING: [Synth 8-3331] design mbitctrFPGA has unconnected port SW[11]
WARNING: [Synth 8-3331] design mbitctrFPGA has unconnected port SW[10]
WARNING: [Synth 8-3331] design mbitctrFPGA has unconnected port SW[9]
WARNING: [Synth 8-3331] design mbitctrFPGA has unconnected port SW[8]
WARNING: [Synth 8-3331] design mbitctrFPGA has unconnected port SW[7]
WARNING: [Synth 8-3331] design mbitctrFPGA has unconnected port SW[6]
WARNING: [Synth 8-3331] design mbitctrFPGA has unconnected port SW[5]
WARNING: [Synth 8-3331] design mbitctrFPGA has unconnected port SW[4]
WARNING: [Synth 8-3331] design mbitctrFPGA has unconnected port SW[3]
WARNING: [Synth 8-3331] design mbitctrFPGA has unconnected port SW[2]
WARNING: [Synth 8-3331] design mbitctrFPGA has unconnected port SW[1]
WARNING: [Synth 8-3331] design mbitctrFPGA has unconnected port SW[0]
---------------------------------------------------------------------------------
Finished RTL Elaboration : Time (s): cpu = 00:00:02 ; elapsed = 00:00:02 . Memory (MB): peak = 1832.453 ; gain = 210.469 ; free physical = 22077 ; free virtual = 35248
---------------------------------------------------------------------------------

Report Check Netlist: 
+------+------------------+-------+---------+-------+------------------+
|      |Item              |Errors |Warnings |Status |Description       |
+------+------------------+-------+---------+-------+------------------+
|1     |multi_driven_nets |      0|        0|Passed |Multi driven nets |
+------+------------------+-------+---------+-------+------------------+
---------------------------------------------------------------------------------
Start Handling Custom Attributes
---------------------------------------------------------------------------------
---------------------------------------------------------------------------------
Finished Handling Custom Attributes : Time (s): cpu = 00:00:02 ; elapsed = 00:00:02 . Memory (MB): peak = 1835.422 ; gain = 213.438 ; free physical = 22079 ; free virtual = 35250
---------------------------------------------------------------------------------
---------------------------------------------------------------------------------
Finished RTL Optimization Phase 1 : Time (s): cpu = 00:00:02 ; elapsed = 00:00:02 . Memory (MB): peak = 1835.422 ; gain = 213.438 ; free physical = 22079 ; free virtual = 35250
---------------------------------------------------------------------------------
INFO: [Project 1-570] Preparing netlist for logic optimization

Processing XDC Constraints
Initializing timing engine
Parsing XDC File [/home/nsh1/NSHcx203/Lab5/task2/task2.srcs/constrs_1/imports/Downloads/pin-assignment.xdc]
WARNING: [Vivado 12-507] No nets matched 'nBC/CA_OBUF_inst_i_2'. [/home/nsh1/NSHcx203/Lab5/task2/task2.srcs/constrs_1/imports/Downloads/pin-assignment.xdc:13]
CRITICAL WARNING: [Common 17-55] 'set_property' expects at least one object. [/home/nsh1/NSHcx203/Lab5/task2/task2.srcs/constrs_1/imports/Downloads/pin-assignment.xdc:13]
Resolution: If [get_<value>] was used to populate the object, check to make sure this command returns at least one valid object.
WARNING: [Vivado 12-584] No ports matched 'LED[0]'. [/home/nsh1/NSHcx203/Lab5/task2/task2.srcs/constrs_1/imports/Downloads/pin-assignment.xdc:33]
CRITICAL WARNING: [Common 17-55] 'set_property' expects at least one object. [/home/nsh1/NSHcx203/Lab5/task2/task2.srcs/constrs_1/imports/Downloads/pin-assignment.xdc:33]
Resolution: If [get_<value>] was used to populate the object, check to make sure this command returns at least one valid object.
WARNING: [Vivado 12-584] No ports matched 'LED[1]'. [/home/nsh1/NSHcx203/Lab5/task2/task2.srcs/constrs_1/imports/Downloads/pin-assignment.xdc:34]
CRITICAL WARNING: [Common 17-55] 'set_property' expects at least one object. [/home/nsh1/NSHcx203/Lab5/task2/task2.srcs/constrs_1/imports/Downloads/pin-assignment.xdc:34]
Resolution: If [get_<value>] was used to populate the object, check to make sure this command returns at least one valid object.
Finished Parsing XDC File [/home/nsh1/NSHcx203/Lab5/task2/task2.srcs/constrs_1/imports/Downloads/pin-assignment.xdc]
INFO: [Project 1-236] Implementation specific constraints were found while reading constraint file [/home/nsh1/NSHcx203/Lab5/task2/task2.srcs/constrs_1/imports/Downloads/pin-assignment.xdc]. These constraints will be ignored for synthesis but will be used in implementation. Impacted constraints are listed in the file [.Xil/mbitctrFPGA_propImpl.xdc].
Resolution: To avoid this warning, move constraints listed in [.Xil/mbitctrFPGA_propImpl.xdc] to another XDC file and exclude this new file from synthesis with the used_in_synthesis property (File Properties dialog in GUI) and re-run elaboration/synthesis.
Completed Processing XDC Constraints

Netlist sorting complete. Time (s): cpu = 00:00:00 ; elapsed = 00:00:00 . Memory (MB): peak = 2006.078 ; gain = 0.000 ; free physical = 22042 ; free virtual = 35202
INFO: [Project 1-111] Unisim Transformation Summary:
No Unisim elements were transformed.

Constraint Validation Runtime : Time (s): cpu = 00:00:00 ; elapsed = 00:00:00 . Memory (MB): peak = 2006.078 ; gain = 0.000 ; free physical = 22042 ; free virtual = 35202
---------------------------------------------------------------------------------
Finished Constraint Validation : Time (s): cpu = 00:00:04 ; elapsed = 00:00:05 . Memory (MB): peak = 2006.078 ; gain = 384.094 ; free physical = 22046 ; free virtual = 35216
---------------------------------------------------------------------------------
---------------------------------------------------------------------------------
Start Loading Part and Timing Information
---------------------------------------------------------------------------------
Loading part: xc7a100tcsg324-1
---------------------------------------------------------------------------------
Finished Loading Part and Timing Information : Time (s): cpu = 00:00:04 ; elapsed = 00:00:05 . Memory (MB): peak = 2006.078 ; gain = 384.094 ; free physical = 22046 ; free virtual = 35216
---------------------------------------------------------------------------------
---------------------------------------------------------------------------------
Start Applying 'set_property' XDC Constraints
---------------------------------------------------------------------------------
---------------------------------------------------------------------------------
Finished applying 'set_property' XDC Constraints : Time (s): cpu = 00:00:04 ; elapsed = 00:00:05 . Memory (MB): peak = 2006.078 ; gain = 384.094 ; free physical = 22046 ; free virtual = 35216
---------------------------------------------------------------------------------
---------------------------------------------------------------------------------
Finished RTL Optimization Phase 2 : Time (s): cpu = 00:00:04 ; elapsed = 00:00:05 . Memory (MB): peak = 2006.078 ; gain = 384.094 ; free physical = 22046 ; free virtual = 35217
---------------------------------------------------------------------------------

Report RTL Partitions: 
+-+--------------+------------+----------+
| |RTL Partition |Replication |Instances |
+-+--------------+------------+----------+
+-+--------------+------------+----------+
---------------------------------------------------------------------------------
Start RTL Component Statistics 
---------------------------------------------------------------------------------
Detailed RTL Component Info : 
+---Adders : 
	   2 Input      4 Bit       Adders := 4     
+---Registers : 
	               16 Bit    Registers := 1     
+---Muxes : 
	   2 Input      4 Bit        Muxes := 5     
	   2 Input      1 Bit        Muxes := 2     
---------------------------------------------------------------------------------
Finished RTL Component Statistics 
---------------------------------------------------------------------------------
---------------------------------------------------------------------------------
Start RTL Hierarchical Component Statistics 
---------------------------------------------------------------------------------
Hierarchical RTL Component report 
Module counter 
Detailed RTL Component Info : 
+---Adders : 
	   2 Input      4 Bit       Adders := 4     
+---Registers : 
	               16 Bit    Registers := 1     
+---Muxes : 
	   2 Input      4 Bit        Muxes := 5     
	   2 Input      1 Bit        Muxes := 1     
Module counter_n_bit 
Detailed RTL Component Info : 
+---Muxes : 
	   2 Input      1 Bit        Muxes := 1     
---------------------------------------------------------------------------------
Finished RTL Hierarchical Component Statistics
---------------------------------------------------------------------------------
---------------------------------------------------------------------------------
Start Part Resource Summary
---------------------------------------------------------------------------------
Part Resources:
DSPs: 240 (col length:80)
BRAMs: 270 (col length: RAMB18 80 RAMB36 40)
---------------------------------------------------------------------------------
Finished Part Resource Summary
---------------------------------------------------------------------------------
---------------------------------------------------------------------------------
Start Cross Boundary and Area Optimization
---------------------------------------------------------------------------------
Warning: Parallel synthesis criteria is not met 
WARNING: [Synth 8-3917] design mbitctrFPGA has port DP driven by constant 1
WARNING: [Synth 8-3331] design mbitctrFPGA has unconnected port SW[15]
WARNING: [Synth 8-3331] design mbitctrFPGA has unconnected port SW[14]
WARNING: [Synth 8-3331] design mbitctrFPGA has unconnected port SW[13]
WARNING: [Synth 8-3331] design mbitctrFPGA has unconnected port SW[12]
WARNING: [Synth 8-3331] design mbitctrFPGA has unconnected port SW[11]
WARNING: [Synth 8-3331] design mbitctrFPGA has unconnected port SW[10]
WARNING: [Synth 8-3331] design mbitctrFPGA has unconnected port SW[9]
WARNING: [Synth 8-3331] design mbitctrFPGA has unconnected port SW[8]
WARNING: [Synth 8-3331] design mbitctrFPGA has unconnected port SW[7]
WARNING: [Synth 8-3331] design mbitctrFPGA has unconnected port SW[6]
WARNING: [Synth 8-3331] design mbitctrFPGA has unconnected port SW[5]
WARNING: [Synth 8-3331] design mbitctrFPGA has unconnected port SW[4]
WARNING: [Synth 8-3331] design mbitctrFPGA has unconnected port SW[3]
WARNING: [Synth 8-3331] design mbitctrFPGA has unconnected port SW[2]
WARNING: [Synth 8-3331] design mbitctrFPGA has unconnected port SW[1]
WARNING: [Synth 8-3331] design mbitctrFPGA has unconnected port SW[0]
---------------------------------------------------------------------------------
Finished Cross Boundary and Area Optimization : Time (s): cpu = 00:00:05 ; elapsed = 00:00:05 . Memory (MB): peak = 2006.078 ; gain = 384.094 ; free physical = 22051 ; free virtual = 35224
---------------------------------------------------------------------------------

Report RTL Partitions: 
+-+--------------+------------+----------+
| |RTL Partition |Replication |Instances |
+-+--------------+------------+----------+
+-+--------------+------------+----------+
---------------------------------------------------------------------------------
Start Applying XDC Timing Constraints
---------------------------------------------------------------------------------
---------------------------------------------------------------------------------
Finished Applying XDC Timing Constraints : Time (s): cpu = 00:00:07 ; elapsed = 00:00:08 . Memory (MB): peak = 2006.078 ; gain = 384.094 ; free physical = 21988 ; free virtual = 35161
---------------------------------------------------------------------------------
---------------------------------------------------------------------------------
Start Timing Optimization
---------------------------------------------------------------------------------
---------------------------------------------------------------------------------
Finished Timing Optimization : Time (s): cpu = 00:00:07 ; elapsed = 00:00:08 . Memory (MB): peak = 2006.078 ; gain = 384.094 ; free physical = 21972 ; free virtual = 35145
---------------------------------------------------------------------------------

Report RTL Partitions: 
+-+--------------+------------+----------+
| |RTL Partition |Replication |Instances |
+-+--------------+------------+----------+
+-+--------------+------------+----------+
---------------------------------------------------------------------------------
Start Technology Mapping
---------------------------------------------------------------------------------
---------------------------------------------------------------------------------
Finished Technology Mapping : Time (s): cpu = 00:00:07 ; elapsed = 00:00:08 . Memory (MB): peak = 2006.078 ; gain = 384.094 ; free physical = 21972 ; free virtual = 35145
---------------------------------------------------------------------------------

Report RTL Partitions: 
+-+--------------+------------+----------+
| |RTL Partition |Replication |Instances |
+-+--------------+------------+----------+
+-+--------------+------------+----------+
---------------------------------------------------------------------------------
Start IO Insertion
---------------------------------------------------------------------------------
---------------------------------------------------------------------------------
Start Flattening Before IO Insertion
---------------------------------------------------------------------------------
---------------------------------------------------------------------------------
Finished Flattening Before IO Insertion
---------------------------------------------------------------------------------
---------------------------------------------------------------------------------
Start Final Netlist Cleanup
---------------------------------------------------------------------------------
---------------------------------------------------------------------------------
Finished Final Netlist Cleanup
---------------------------------------------------------------------------------
---------------------------------------------------------------------------------
Finished IO Insertion : Time (s): cpu = 00:00:08 ; elapsed = 00:00:09 . Memory (MB): peak = 2006.078 ; gain = 384.094 ; free physical = 21968 ; free virtual = 35140
---------------------------------------------------------------------------------

Report Check Netlist: 
+------+------------------+-------+---------+-------+------------------+
|      |Item              |Errors |Warnings |Status |Description       |
+------+------------------+-------+---------+-------+------------------+
|1     |multi_driven_nets |      0|        0|Passed |Multi driven nets |
+------+------------------+-------+---------+-------+------------------+
---------------------------------------------------------------------------------
Start Renaming Generated Instances
---------------------------------------------------------------------------------
---------------------------------------------------------------------------------
Finished Renaming Generated Instances : Time (s): cpu = 00:00:08 ; elapsed = 00:00:09 . Memory (MB): peak = 2006.078 ; gain = 384.094 ; free physical = 21968 ; free virtual = 35140
---------------------------------------------------------------------------------

Report RTL Partitions: 
+-+--------------+------------+----------+
| |RTL Partition |Replication |Instances |
+-+--------------+------------+----------+
+-+--------------+------------+----------+
---------------------------------------------------------------------------------
Start Rebuilding User Hierarchy
---------------------------------------------------------------------------------
---------------------------------------------------------------------------------
Finished Rebuilding User Hierarchy : Time (s): cpu = 00:00:08 ; elapsed = 00:00:09 . Memory (MB): peak = 2006.078 ; gain = 384.094 ; free physical = 21968 ; free virtual = 35140
---------------------------------------------------------------------------------
---------------------------------------------------------------------------------
Start Renaming Generated Ports
---------------------------------------------------------------------------------
---------------------------------------------------------------------------------
Finished Renaming Generated Ports : Time (s): cpu = 00:00:08 ; elapsed = 00:00:09 . Memory (MB): peak = 2006.078 ; gain = 384.094 ; free physical = 21968 ; free virtual = 35140
---------------------------------------------------------------------------------
---------------------------------------------------------------------------------
Start Handling Custom Attributes
---------------------------------------------------------------------------------
---------------------------------------------------------------------------------
Finished Handling Custom Attributes : Time (s): cpu = 00:00:08 ; elapsed = 00:00:09 . Memory (MB): peak = 2006.078 ; gain = 384.094 ; free physical = 21968 ; free virtual = 35140
---------------------------------------------------------------------------------
---------------------------------------------------------------------------------
Start Renaming Generated Nets
---------------------------------------------------------------------------------
---------------------------------------------------------------------------------
Finished Renaming Generated Nets : Time (s): cpu = 00:00:08 ; elapsed = 00:00:09 . Memory (MB): peak = 2006.078 ; gain = 384.094 ; free physical = 21968 ; free virtual = 35140
---------------------------------------------------------------------------------
---------------------------------------------------------------------------------
Start Writing Synthesis Report
---------------------------------------------------------------------------------

Report BlackBoxes: 
+-+--------------+----------+
| |BlackBox name |Instances |
+-+--------------+----------+
+-+--------------+----------+

Report Cell Usage: 
+------+-------+------+
|      |Cell   |Count |
+------+-------+------+
|1     |BUFG   |     1|
|2     |CARRY4 |    12|
|3     |LUT1   |     4|
|4     |LUT2   |     1|
|5     |LUT3   |     9|
|6     |LUT4   |    14|
|7     |LUT5   |    16|
|8     |LUT6   |     2|
|9     |FDCE   |    27|
|10    |FDRE   |    36|
|11    |IBUF   |     2|
|12    |OBUF   |    16|
+------+-------+------+

Report Instance Areas: 
+------+------------+-------------------+------+
|      |Instance    |Module             |Cells |
+------+------------+-------------------+------+
|1     |top         |                   |   140|
|2     |  ctr       |counter            |    36|
|3     |  nBC       |nbitctr            |    36|
|4     |  ssc       |sev_seg_controller |    49|
|5     |    counter |counter_n_bit      |    49|
+------+------------+-------------------+------+
---------------------------------------------------------------------------------
Finished Writing Synthesis Report : Time (s): cpu = 00:00:08 ; elapsed = 00:00:09 . Memory (MB): peak = 2006.078 ; gain = 384.094 ; free physical = 21968 ; free virtual = 35140
---------------------------------------------------------------------------------
Synthesis finished with 0 errors, 0 critical warnings and 17 warnings.
Synthesis Optimization Runtime : Time (s): cpu = 00:00:07 ; elapsed = 00:00:08 . Memory (MB): peak = 2006.078 ; gain = 213.438 ; free physical = 21968 ; free virtual = 35140
Synthesis Optimization Complete : Time (s): cpu = 00:00:08 ; elapsed = 00:00:09 . Memory (MB): peak = 2006.078 ; gain = 384.094 ; free physical = 21968 ; free virtual = 35140
INFO: [Project 1-571] Translating synthesized netlist
INFO: [Netlist 29-17] Analyzing 12 Unisim elements for replacement
INFO: [Netlist 29-28] Unisim Transformation completed in 0 CPU seconds
INFO: [Project 1-570] Preparing netlist for logic optimization
INFO: [Opt 31-138] Pushed 0 inverter(s) to 0 load pin(s).
Netlist sorting complete. Time (s): cpu = 00:00:00 ; elapsed = 00:00:00 . Memory (MB): peak = 2006.078 ; gain = 0.000 ; free physical = 21985 ; free virtual = 35158
INFO: [Project 1-111] Unisim Transformation Summary:
No Unisim elements were transformed.

INFO: [Common 17-83] Releasing license: Synthesis
26 Infos, 38 Warnings, 3 Critical Warnings and 0 Errors encountered.
synth_design completed successfully
synth_design: Time (s): cpu = 00:00:10 ; elapsed = 00:00:11 . Memory (MB): peak = 2006.078 ; gain = 623.008 ; free physical = 21985 ; free virtual = 35158
Netlist sorting complete. Time (s): cpu = 00:00:00 ; elapsed = 00:00:00 . Memory (MB): peak = 2006.078 ; gain = 0.000 ; free physical = 21985 ; free virtual = 35158
WARNING: [Constraints 18-5210] No constraints selected for write.
Resolution: This message can indicate that there are no constraints for the design, or it can indicate that the used_in flags are set such that the constraints are ignored. This later case is used when running synth_design to not write synthesis constraints to the resulting checkpoint. Instead, project constraints are read when the synthesized design is opened.
INFO: [Common 17-1381] The checkpoint '/home/nsh1/NSHcx203/Lab5/task2/task2.runs/synth_1/mbitctrFPGA.dcp' has been generated.
INFO: [runtcl-4] Executing : report_utilization -file mbitctrFPGA_utilization_synth.rpt -pb mbitctrFPGA_utilization_synth.pb
INFO: [Common 17-206] Exiting Vivado at Wed Nov 20 12:12:51 2024...
